<?xml version="1.0" encoding="UTF-8"?>
<!-- Generated by org.testng.reporters.JUnitReportReporter -->
<testsuite skipped="0" hostname="Ravi" name="PostRequest.postexample" tests="1" failures="0" timestamp="21 Apr 2018 14:12:23 GMT" time="2.123" errors="0">
  <testcase name="testPost" time="2.123" classname="PostRequest.postexample"/>
</testsuite> <!-- PostRequest.postexample -->
