<?xml version="1.0" encoding="UTF-8"?>
<!-- Generated by org.testng.reporters.JUnitReportReporter -->
<testsuite skipped="0" hostname="Ravi" name="GetRequest.GetData" tests="6" failures="0" timestamp="27 Apr 2018 15:12:20 GMT" time="5.742" errors="0">
  <testcase name="testBody" time="0.442" classname="GetRequest.GetData"/>
  <testcase name="testsys" time="0.418" classname="GetRequest.GetData"/>
  <testcase name="testid" time="0.390" classname="GetRequest.GetData"/>
  <testcase name="testResponseCode" time="0.376" classname="GetRequest.GetData"/>
  <testcase name="testcityname" time="0.416" classname="GetRequest.GetData"/>
  <testcase name="GetWeather" time="3.700" classname="GetRequest.GetData"/>
</testsuite> <!-- GetRequest.GetData -->
