<?xml version="1.0" encoding="UTF-8"?>
<!-- Generated by org.testng.reporters.JUnitReportReporter -->
<testsuite skipped="0" hostname="Ravi" name="GetRequest.GetData" tests="6" failures="0" timestamp="16 Apr 2018 14:56:09 GMT" time="5.241" errors="0">
  <testcase name="testcityname" time="0.390" classname="GetRequest.GetData"/>
  <testcase name="testBody" time="0.380" classname="GetRequest.GetData"/>
  <testcase name="testResponseCode" time="0.354" classname="GetRequest.GetData"/>
  <testcase name="testid" time="0.368" classname="GetRequest.GetData"/>
  <testcase name="testsys" time="0.359" classname="GetRequest.GetData"/>
  <testcase name="GetWeather" time="3.390" classname="GetRequest.GetData"/>
</testsuite> <!-- GetRequest.GetData -->
