<?xml version="1.0" encoding="UTF-8"?>
<!-- Generated by org.testng.reporters.JUnitReportReporter -->
<testsuite skipped="0" hostname="Ravi" name="DeleteRequest.deleteapi" tests="1" failures="0" timestamp="21 Apr 2018 14:08:16 GMT" time="2.121" errors="0">
  <testcase name="testDeleteAPI" time="2.121" classname="DeleteRequest.deleteapi"/>
</testsuite> <!-- DeleteRequest.deleteapi -->
