<?xml version="1.0" encoding="UTF-8"?>
<!-- Generated by org.testng.reporters.JUnitReportReporter -->
<testsuite skipped="0" hostname="Ravi" name="PutRequest.putexample" tests="1" failures="0" timestamp="21 Apr 2018 14:14:59 GMT" time="2.334" errors="0">
  <testcase name="testPost" time="2.334" classname="PutRequest.putexample"/>
</testsuite> <!-- PutRequest.putexample -->
